<?xml version="1.0" encoding="UTF-8"?>
<testsuite xmlns:xsi="http://www.w3.org/2001/XMLSchema-instance" xsi:noNamespaceSchemaLocation="https://maven.apache.org/surefire/maven-surefire-plugin/xsd/surefire-test-report.xsd" version="3.0.2" name="DocumentServiceTest" time="0.278" tests="2" errors="1" skipped="0" failures="0">
  <properties>
[...]
</properties>
  <testcase name="testUploadFile_EmptyFile_ShouldThrowException" classname="DocumentServiceTest" time="0.247"/>
  <testcase name="testUploadFile_Success" classname="DocumentServiceTest" time="0.015">
    <error message="Cannot invoke &quot;com.spe.smartdocjp.repository.UserRepository.findById(Object)&quot; because &quot;this.userRepository&quot; is null" type="java.lang.NullPointerException"><![CDATA[java.lang.NullPointerException: Cannot invoke "com.spe.smartdocjp.repository.UserRepository.findById(Object)" because "this.userRepository" is null
	at com.spe.smartdocjp.service.DocumentService.uploadDocument(DocumentService.java:42)
	at DocumentServiceTest.testUploadFile_Success(DocumentServiceTest.java:55)
	at java.base/java.lang.reflect.Method.invoke(Method.java:580)
	at java.base/java.util.ArrayList.forEach(ArrayList.java:1596)
	at java.base/java.util.ArrayList.forEach(ArrayList.java:1596)
]]></error>
  </testcase>
</testsuite>